VERY FEW VALID PIXELS!!!!
VERY FEW VALID PIXELS!!!!
VERY FEW VALID PIXELS!!!!
VERY FEW VALID PIXELS!!!!
VERY FEW VALID PIXELS!!!!
VERY FEW VALID PIXELS!!!!
VERY FEW VALID PIXELS!!!!
finished step 0
*************************************************
step took 2.721130 seconds
Saving image at step 0
VERY FEW VALID PIXELS!!!!
VERY FEW VALID PIXELS!!!!
VERY FEW VALID PIXELS!!!!
VERY FEW VALID PIXELS!!!!
finished step 1
*************************************************
step took 3.949676 seconds
Saving image at step 1
VERY FEW VALID PIXELS!!!!
VERY FEW VALID PIXELS!!!!
VERY FEW VALID PIXELS!!!!
VERY FEW VALID PIXELS!!!!
VERY FEW VALID PIXELS!!!!
VERY FEW VALID PIXELS!!!!
VERY FEW VALID PIXELS!!!!
VERY FEW VALID PIXELS!!!!
VERY FEW VALID PIXELS!!!!
VERY FEW VALID PIXELS!!!!
VERY FEW VALID PIXELS!!!!
finished step 2
*************************************************
step took 3.107972 seconds
Saving image at step 2
VERY FEW VALID PIXELS!!!!
VERY FEW VALID PIXELS!!!!
VERY FEW VALID PIXELS!!!!
VERY FEW VALID PIXELS!!!!
VERY FEW VALID PIXELS!!!!
VERY FEW VALID PIXELS!!!!
VERY FEW VALID PIXELS!!!!
VERY FEW VALID PIXELS!!!!
VERY FEW VALID PIXELS!!!!
VERY FEW VALID PIXELS!!!!
VERY FEW VALID PIXELS!!!!
VERY FEW VALID PIXELS!!!!
VERY FEW VALID PIXELS!!!!
finished step 3
*************************************************
step took 3.748948 seconds
Saving image at step 3
VERY FEW VALID PIXELS!!!!
VERY FEW VALID PIXELS!!!!
VERY FEW VALID PIXELS!!!!
VERY FEW VALID PIXELS!!!!
VERY FEW VALID PIXELS!!!!
VERY FEW VALID PIXELS!!!!
VERY FEW VALID PIXELS!!!!
VERY FEW VALID PIXELS!!!!
VERY FEW VALID PIXELS!!!!
VERY FEW VALID PIXELS!!!!
finished step 4
*************************************************
step took 3.982918 seconds
Saving image at step 4
VERY FEW VALID PIXELS!!!!
VERY FEW VALID PIXELS!!!!
VERY FEW VALID PIXELS!!!!
VERY FEW VALID PIXELS!!!!
finished step 5
*************************************************
step took 3.657671 seconds
Saving image at step 5
VERY FEW VALID PIXELS!!!!
VERY FEW VALID PIXELS!!!!
VERY FEW VALID PIXELS!!!!
VERY FEW VALID PIXELS!!!!
VERY FEW VALID PIXELS!!!!
VERY FEW VALID PIXELS!!!!
VERY FEW VALID PIXELS!!!!
VERY FEW VALID PIXELS!!!!
VERY FEW VALID PIXELS!!!!
VERY FEW VALID PIXELS!!!!
VERY FEW VALID PIXELS!!!!
VERY FEW VALID PIXELS!!!!
VERY FEW VALID PIXELS!!!!
VERY FEW VALID PIXELS!!!!
finished step 6
*************************************************
step took 2.264567 seconds
Saving image at step 6
VERY FEW VALID PIXELS!!!!
VERY FEW VALID PIXELS!!!!
VERY FEW VALID PIXELS!!!!
VERY FEW VALID PIXELS!!!!
VERY FEW VALID PIXELS!!!!
VERY FEW VALID PIXELS!!!!
finished step 7
*************************************************
step took 3.018775 seconds
Saving image at step 7
VERY FEW VALID PIXELS!!!!
VERY FEW VALID PIXELS!!!!
VERY FEW VALID PIXELS!!!!
VERY FEW VALID PIXELS!!!!
VERY FEW VALID PIXELS!!!!
VERY FEW VALID PIXELS!!!!
VERY FEW VALID PIXELS!!!!
VERY FEW VALID PIXELS!!!!
VERY FEW VALID PIXELS!!!!
finished step 8
*************************************************
step took 2.298345 seconds
Saving image at step 8
VERY FEW VALID PIXELS!!!!
VERY FEW VALID PIXELS!!!!
VERY FEW VALID PIXELS!!!!
VERY FEW VALID PIXELS!!!!
VERY FEW VALID PIXELS!!!!
VERY FEW VALID PIXELS!!!!
VERY FEW VALID PIXELS!!!!
VERY FEW VALID PIXELS!!!!
VERY FEW VALID PIXELS!!!!
VERY FEW VALID PIXELS!!!!
VERY FEW VALID PIXELS!!!!
VERY FEW VALID PIXELS!!!!
VERY FEW VALID PIXELS!!!!
VERY FEW VALID PIXELS!!!!
VERY FEW VALID PIXELS!!!!
VERY FEW VALID PIXELS!!!!
VERY FEW VALID PIXELS!!!!
VERY FEW VALID PIXELS!!!!
finished step 9
*************************************************
step took 4.658936 seconds
Saving image at step 9
VERY FEW VALID PIXELS!!!!
VERY FEW VALID PIXELS!!!!
VERY FEW VALID PIXELS!!!!
VERY FEW VALID PIXELS!!!!
VERY FEW VALID PIXELS!!!!
VERY FEW VALID PIXELS!!!!
VERY FEW VALID PIXELS!!!!
VERY FEW VALID PIXELS!!!!
VERY FEW VALID PIXELS!!!!
VERY FEW VALID PIXELS!!!!
VERY FEW VALID PIXELS!!!!
finished step 10
*************************************************
step took 2.843039 seconds
Saving image at step 10
VERY FEW VALID PIXELS!!!!
VERY FEW VALID PIXELS!!!!
VERY FEW VALID PIXELS!!!!
VERY FEW VALID PIXELS!!!!
VERY FEW VALID PIXELS!!!!
VERY FEW VALID PIXELS!!!!
VERY FEW VALID PIXELS!!!!
VERY FEW VALID PIXELS!!!!
VERY FEW VALID PIXELS!!!!
VERY FEW VALID PIXELS!!!!
VERY FEW VALID PIXELS!!!!
VERY FEW VALID PIXELS!!!!
VERY FEW VALID PIXELS!!!!
VERY FEW VALID PIXELS!!!!
VERY FEW VALID PIXELS!!!!
VERY FEW VALID PIXELS!!!!
VERY FEW VALID PIXELS!!!!
VERY FEW VALID PIXELS!!!!
VERY FEW VALID PIXELS!!!!
VERY FEW VALID PIXELS!!!!
VERY FEW VALID PIXELS!!!!
VERY FEW VALID PIXELS!!!!
VERY FEW VALID PIXELS!!!!
finished step 11
*************************************************
step took 2.704032 seconds
Saving image at step 11
VERY FEW VALID PIXELS!!!!
VERY FEW VALID PIXELS!!!!
VERY FEW VALID PIXELS!!!!
VERY FEW VALID PIXELS!!!!
VERY FEW VALID PIXELS!!!!
VERY FEW VALID PIXELS!!!!
VERY FEW VALID PIXELS!!!!
VERY FEW VALID PIXELS!!!!
VERY FEW VALID PIXELS!!!!
VERY FEW VALID PIXELS!!!!
VERY FEW VALID PIXELS!!!!
VERY FEW VALID PIXELS!!!!
VERY FEW VALID PIXELS!!!!
VERY FEW VALID PIXELS!!!!
VERY FEW VALID PIXELS!!!!
VERY FEW VALID PIXELS!!!!
VERY FEW VALID PIXELS!!!!
VERY FEW VALID PIXELS!!!!
VERY FEW VALID PIXELS!!!!
VERY FEW VALID PIXELS!!!!
VERY FEW VALID PIXELS!!!!
VERY FEW VALID PIXELS!!!!
VERY FEW VALID PIXELS!!!!
VERY FEW VALID PIXELS!!!!
VERY FEW VALID PIXELS!!!!
VERY FEW VALID PIXELS!!!!
VERY FEW VALID PIXELS!!!!
VERY FEW VALID PIXELS!!!!
VERY FEW VALID PIXELS!!!!
VERY FEW VALID PIXELS!!!!
VERY FEW VALID PIXELS!!!!
finished step 12
*************************************************
step took 1.939720 seconds
Saving image at step 12
VERY FEW VALID PIXELS!!!!
VERY FEW VALID PIXELS!!!!
VERY FEW VALID PIXELS!!!!
VERY FEW VALID PIXELS!!!!
VERY FEW VALID PIXELS!!!!
VERY FEW VALID PIXELS!!!!
finished step 13
*************************************************
step took 0.577454 seconds
Saving image at step 13
VERY FEW VALID PIXELS!!!!
VERY FEW VALID PIXELS!!!!
VERY FEW VALID PIXELS!!!!
VERY FEW VALID PIXELS!!!!
VERY FEW VALID PIXELS!!!!
VERY FEW VALID PIXELS!!!!
finished step 14
*************************************************
step took 0.529354 seconds
Saving image at step 14
VERY FEW VALID PIXELS!!!!
VERY FEW VALID PIXELS!!!!
VERY FEW VALID PIXELS!!!!
VERY FEW VALID PIXELS!!!!
VERY FEW VALID PIXELS!!!!
VERY FEW VALID PIXELS!!!!
VERY FEW VALID PIXELS!!!!
VERY FEW VALID PIXELS!!!!
VERY FEW VALID PIXELS!!!!
VERY FEW VALID PIXELS!!!!
VERY FEW VALID PIXELS!!!!
VERY FEW VALID PIXELS!!!!
VERY FEW VALID PIXELS!!!!
VERY FEW VALID PIXELS!!!!
VERY FEW VALID PIXELS!!!!
VERY FEW VALID PIXELS!!!!
VERY FEW VALID PIXELS!!!!
VERY FEW VALID PIXELS!!!!
finished step 15
*************************************************
step took 0.604694 seconds
Saving image at step 15
VERY FEW VALID PIXELS!!!!
VERY FEW VALID PIXELS!!!!
VERY FEW VALID PIXELS!!!!
VERY FEW VALID PIXELS!!!!
VERY FEW VALID PIXELS!!!!
VERY FEW VALID PIXELS!!!!
finished step 16
*************************************************
step took 0.501544 seconds
Saving image at step 16
VERY FEW VALID PIXELS!!!!
VERY FEW VALID PIXELS!!!!
VERY FEW VALID PIXELS!!!!
VERY FEW VALID PIXELS!!!!
VERY FEW VALID PIXELS!!!!
VERY FEW VALID PIXELS!!!!
finished step 17
*************************************************
step took 0.528597 seconds
Saving image at step 17
VERY FEW VALID PIXELS!!!!
VERY FEW VALID PIXELS!!!!
VERY FEW VALID PIXELS!!!!
VERY FEW VALID PIXELS!!!!
VERY FEW VALID PIXELS!!!!
VERY FEW VALID PIXELS!!!!
VERY FEW VALID PIXELS!!!!
finished step 18
*************************************************
step took 0.458320 seconds
Saving image at step 18
VERY FEW VALID PIXELS!!!!
VERY FEW VALID PIXELS!!!!
VERY FEW VALID PIXELS!!!!
VERY FEW VALID PIXELS!!!!
VERY FEW VALID PIXELS!!!!
VERY FEW VALID PIXELS!!!!
VERY FEW VALID PIXELS!!!!
VERY FEW VALID PIXELS!!!!
VERY FEW VALID PIXELS!!!!
VERY FEW VALID PIXELS!!!!
VERY FEW VALID PIXELS!!!!
finished step 19
*************************************************
step took 0.499677 seconds
Saving image at step 19
VERY FEW VALID PIXELS!!!!
VERY FEW VALID PIXELS!!!!
VERY FEW VALID PIXELS!!!!
VERY FEW VALID PIXELS!!!!
VERY FEW VALID PIXELS!!!!
VERY FEW VALID PIXELS!!!!
VERY FEW VALID PIXELS!!!!
VERY FEW VALID PIXELS!!!!
VERY FEW VALID PIXELS!!!!
VERY FEW VALID PIXELS!!!!
finished step 20
*************************************************
step took 0.570647 seconds
Saving image at step 20
VERY FEW VALID PIXELS!!!!
VERY FEW VALID PIXELS!!!!
VERY FEW VALID PIXELS!!!!
VERY FEW VALID PIXELS!!!!
VERY FEW VALID PIXELS!!!!
VERY FEW VALID PIXELS!!!!
VERY FEW VALID PIXELS!!!!
VERY FEW VALID PIXELS!!!!
VERY FEW VALID PIXELS!!!!
VERY FEW VALID PIXELS!!!!
VERY FEW VALID PIXELS!!!!
VERY FEW VALID PIXELS!!!!
finished step 21
*************************************************
step took 0.891239 seconds
Saving image at step 21
VERY FEW VALID PIXELS!!!!
VERY FEW VALID PIXELS!!!!
VERY FEW VALID PIXELS!!!!
VERY FEW VALID PIXELS!!!!
VERY FEW VALID PIXELS!!!!
finished step 0
*************************************************
step took 1.818442 seconds
Saving image at step 0
finished step 1
*************************************************
step took 1.904776 seconds
Saving image at step 1
finished step 2
*************************************************
step took 2.068537 seconds
Saving image at step 2
finished step 3
*************************************************
step took 1.993529 seconds
Saving image at step 3
finished step 4
*************************************************
step took 1.878134 seconds
Saving image at step 4
finished step 5
*************************************************
step took 1.985066 seconds
Saving image at step 5
finished step 6
*************************************************
step took 2.015387 seconds
Saving image at step 6
finished step 7
*************************************************
step took 1.915858 seconds
Saving image at step 7
